<?xml version="1.0" encoding="UTF-8"?>
<!-- Generated by org.testng.reporters.JUnitXMLReporter -->
<testsuite ignored="0" hostname="DESKTOP-UDQRS1F" failures="2" tests="2" name="Surefire test" time="19.134" errors="0" timestamp="2025-01-02T20:18:44 IST">
  <testcase classname="SoftwareTest.PracticeProject.tests.StandAloneTest" name="submitOrder" time="3.989">
    <failure type="java.lang.AssertionError" message="expected [true] but found [false]">
      <![CDATA[java.lang.AssertionError: expected [true] but found [false]
at SoftwareTest.PracticeProject.tests.StandAloneTest.submitOrder(StandAloneTest.java:44)
at java.base/java.util.ArrayList.forEach(ArrayList.java:1596)
... Removed 34 stack frames]]>
    </failure>
  </testcase> <!-- submitOrder -->
  <testcase classname="SoftwareTest.PracticeProject.tests.StandAloneTest" name="submitOrder" time="5.803">
    <failure type="java.lang.AssertionError" message="expected [true] but found [false]">
      <![CDATA[java.lang.AssertionError: expected [true] but found [false]
at SoftwareTest.PracticeProject.tests.StandAloneTest.submitOrder(StandAloneTest.java:44)
at java.base/java.util.ArrayList.forEach(ArrayList.java:1596)
... Removed 34 stack frames]]>
    </failure>
  </testcase> <!-- submitOrder -->
</testsuite> <!-- Surefire test -->
