<?xml version="1.0" encoding="UTF-8"?>
<!-- Generated by org.testng.reporters.JUnitXMLReporter -->
<testsuite ignored="0" hostname="DESKTOP-UDQRS1F" failures="0" tests="2" name="LoginErrorValidatiotest" time="12.121" errors="0" timestamp="2025-01-04T15:11:25 IST">
  <testcase classname="SoftwareTest.PracticeProject.tests.LoginErrorValidation" name="ProductErrorValidation" time="3.446"/>
  <testcase classname="SoftwareTest.PracticeProject.tests.LoginErrorValidation" name="submitOrder" time="0.423"/>
</testsuite> <!-- LoginErrorValidatiotest -->
