<?xml version="1.0" encoding="UTF-8"?>
<!-- Generated by org.testng.reporters.JUnitXMLReporter -->
<testsuite ignored="0" hostname="DESKTOP-UDQRS1F" failures="0" tests="2" name="LoginErrorValidatiotest" time="15.59" errors="0" timestamp="2025-01-04T11:35:33 IST">
  <testcase classname="SoftwareTest.PracticeProject.tests.LoginErrorValidation" name="ProductErrorValidation" time="5.559"/>
  <testcase classname="SoftwareTest.PracticeProject.tests.LoginErrorValidation" name="submitOrder" time="0.567"/>
</testsuite> <!-- LoginErrorValidatiotest -->
