<?xml version="1.0" encoding="UTF-8"?>
<testng-results ignored="0" total="2" passed="2" failed="0" skipped="0">
  <reporter-output>
  </reporter-output>
  <suite started-at="2025-01-04T11:35:17 IST" name="Suite" finished-at="2025-01-04T11:35:33 IST" duration-ms="15590">
    <groups>
      <group name="errorvalidation">
        <method signature="LoginErrorValidation.ProductErrorValidation()[pri:0, instance:SoftwareTest.PracticeProject.tests.LoginErrorValidation@2f67a4d3]" name="ProductErrorValidation" class="SoftwareTest.PracticeProject.tests.LoginErrorValidation"/>
      </group> <!-- errorvalidation -->
      <group name="purchase">
        <method signature="StandAloneTest.submitOrder(java.util.HashMap)[pri:0, instance:SoftwareTest.PracticeProject.tests.StandAloneTest@4b8d604b]" name="submitOrder" class="SoftwareTest.PracticeProject.tests.StandAloneTest"/>
      </group> <!-- purchase -->
    </groups>
    <test started-at="2025-01-04T11:35:17 IST" name="LoginErrorValidatiotest" finished-at="2025-01-04T11:35:33 IST" duration-ms="15590">
      <class name="SoftwareTest.PracticeProject.tests.LoginErrorValidation">
        <test-method is-config="true" signature="LaunchApplication()[pri:0, instance:SoftwareTest.PracticeProject.tests.LoginErrorValidation@2f67a4d3]" started-at="2025-01-04T11:35:17 IST" name="LaunchApplication" finished-at="2025-01-04T11:35:23 IST" duration-ms="6041" status="PASS">
          <reporter-output>
          </reporter-output>
        </test-method> <!-- LaunchApplication -->
        <test-method signature="ProductErrorValidation()[pri:0, instance:SoftwareTest.PracticeProject.tests.LoginErrorValidation@2f67a4d3]" started-at="2025-01-04T11:35:23 IST" name="ProductErrorValidation" finished-at="2025-01-04T11:35:29 IST" duration-ms="5559" status="PASS">
          <reporter-output>
          </reporter-output>
        </test-method> <!-- ProductErrorValidation -->
        <test-method is-config="true" signature="tearDown()[pri:0, instance:SoftwareTest.PracticeProject.tests.LoginErrorValidation@2f67a4d3]" started-at="2025-01-04T11:35:29 IST" name="tearDown" finished-at="2025-01-04T11:35:29 IST" duration-ms="180" status="PASS">
          <reporter-output>
          </reporter-output>
        </test-method> <!-- tearDown -->
        <test-method is-config="true" signature="LaunchApplication()[pri:0, instance:SoftwareTest.PracticeProject.tests.LoginErrorValidation@2f67a4d3]" started-at="2025-01-04T11:35:29 IST" name="LaunchApplication" finished-at="2025-01-04T11:35:32 IST" duration-ms="2998" status="PASS">
          <reporter-output>
          </reporter-output>
        </test-method> <!-- LaunchApplication -->
        <test-method signature="submitOrder()[pri:0, instance:SoftwareTest.PracticeProject.tests.LoginErrorValidation@2f67a4d3]" started-at="2025-01-04T11:35:32 IST" name="submitOrder" finished-at="2025-01-04T11:35:33 IST" duration-ms="567" status="PASS">
          <reporter-output>
          </reporter-output>
        </test-method> <!-- submitOrder -->
        <test-method is-config="true" signature="tearDown()[pri:0, instance:SoftwareTest.PracticeProject.tests.LoginErrorValidation@2f67a4d3]" started-at="2025-01-04T11:35:33 IST" name="tearDown" finished-at="2025-01-04T11:35:33 IST" duration-ms="131" status="PASS">
          <reporter-output>
          </reporter-output>
        </test-method> <!-- tearDown -->
      </class> <!-- SoftwareTest.PracticeProject.tests.LoginErrorValidation -->
    </test> <!-- LoginErrorValidatiotest -->
  </suite> <!-- Suite -->
</testng-results>
